<?xml version="1.0" encoding="UTF-8"?>
<!-- Generated by org.testng.reporters.JUnitXMLReporter -->
<testsuite ignored="1" hostname="ICPL25180" failures="1" tests="1" name="BDD Test" time="0.137" errors="0" timestamp="2023-06-16T11:54:53 IST">
  <testcase classname="com.qmetry.qaf.automation.step.client.DataDrivenScenario" name="TC_01: User Enter Train Details" time="0.0">
    <failure type="java.lang.RuntimeException" message="java.lang.ClassCastException: class org.testng.internal.TestNGMethod cannot be cast to class com.qmetry.qaf.automation.step.client.TestNGScenario (org.testng.internal.TestNGMethod and com.qmetry.qaf.automation.step.client.TestNGScenario are in unnamed module of loader &amp;apos;app&amp;apos;)">
      <![CDATA[java.lang.RuntimeException: java.lang.ClassCastException: class org.testng.internal.TestNGMethod cannot be cast to class com.qmetry.qaf.automation.step.client.TestNGScenario (org.testng.internal.TestNGMethod and com.qmetry.qaf.automation.step.client.TestNGScenario are in unnamed module of loader 'app')
at java.base/java.util.ArrayList.forEach(ArrayList.java:1511)
at com.qmetry.qaf.automation.testng.dataprovider.QAFInetrceptableDataProvider.interceptedDataProvider(QAFInetrceptableDataProvider.java:91)
... 25 more
... Removed 33 stack frames]]>
    </failure>
  </testcase> <!-- TC_01: User Enter Train Details -->
  <testcase classname="com.qmetry.qaf.automation.step.client.DataDrivenScenario" name="scenario" time="0.0">
    <ignored/>
  </testcase> <!-- scenario -->
</testsuite> <!-- BDD Test -->
